{"uuid":"1528c7d7-ebd1-492a-bd80-a79e00bbeae6","historyId":"82d688e6fb9ca2795928d11a4a71f452","fullName":"Mintpro.GrowPageTest.growPageTest","labels":[{"name":"package","value":"Mintpro.GrowPageTest"},{"name":"testClass","value":"Mintpro.GrowPageTest"},{"name":"testMethod","value":"growPageTest"},{"name":"parentSuite","value":"Default Suite"},{"name":"suite","value":"MintproSanityAutomation"},{"name":"subSuite","value":"Mintpro.GrowPageTest"},{"name":"host","value":"ip-192-168-144-163.ap-south-1.compute.internal"},{"name":"thread","value":"3816@ip-192-168-144-163.ap-south-1.compute.internal.main(1)"},{"name":"framework","value":"testng"},{"name":"language","value":"java"}],"links":[],"name":"growPageTest","status":"broken","statusDetails":{"known":false,"muted":false,"flaky":false,"message":"Error communicating with the remote browser. It may have died.\nBuild info: version: '4.3.0', revision: 'a4995e2c09*'\nSystem info: host: 'ip-192-168-144-163.ap-south-1.compute.internal', ip: '192.168.144.163', os.name: 'Mac OS X', os.arch: 'aarch64', os.version: '12.6', java.version: '18.0.2'\nDriver info: org.openqa.selenium.chrome.ChromeDriver\nCommand: [f1fd2f079b139e0134d466557b486f7c, findElement {using=xpath, value=//span[@class='linkTitle'][text()='Activity Points']}]\nCapabilities {acceptInsecureCerts: false, browserName: chrome, browserVersion: 106.0.5249.119, chrome: {chromedriverVersion: 106.0.5249.61 (511755355844..., userDataDir: /var/folders/lm/9s7m2nks0j3...}, goog:chromeOptions: {debuggerAddress: localhost:65103}, networkConnectionEnabled: false, pageLoadStrategy: normal, platformName: MAC, proxy: Proxy(), se:cdp: ws://localhost:65103/devtoo..., se:cdpVersion: 106.0.5249.119, setWindowRect: true, strictFileInteractability: false, timeouts: {implicit: 0, pageLoad: 300000, script: 30000}, unhandledPromptBehavior: dismiss and notify, webauthn:extension:credBlob: true, webauthn:extension:largeBlob: true, webauthn:virtualAuthenticators: true}\nSession ID: f1fd2f079b139e0134d466557b486f7c","trace":"org.openqa.selenium.remote.UnreachableBrowserException: Error communicating with the remote browser. It may have died.\nBuild info: version: '4.3.0', revision: 'a4995e2c09*'\nSystem info: host: 'ip-192-168-144-163.ap-south-1.compute.internal', ip: '192.168.144.163', os.name: 'Mac OS X', os.arch: 'aarch64', os.version: '12.6', java.version: '18.0.2'\nDriver info: org.openqa.selenium.chrome.ChromeDriver\nCommand: [f1fd2f079b139e0134d466557b486f7c, findElement {using=xpath, value=//span[@class='linkTitle'][text()='Activity Points']}]\nCapabilities {acceptInsecureCerts: false, browserName: chrome, browserVersion: 106.0.5249.119, chrome: {chromedriverVersion: 106.0.5249.61 (511755355844..., userDataDir: /var/folders/lm/9s7m2nks0j3...}, goog:chromeOptions: {debuggerAddress: localhost:65103}, networkConnectionEnabled: false, pageLoadStrategy: normal, platformName: MAC, proxy: Proxy(), se:cdp: ws://localhost:65103/devtoo..., se:cdpVersion: 106.0.5249.119, setWindowRect: true, strictFileInteractability: false, timeouts: {implicit: 0, pageLoad: 300000, script: 30000}, unhandledPromptBehavior: dismiss and notify, webauthn:extension:credBlob: true, webauthn:extension:largeBlob: true, webauthn:virtualAuthenticators: true}\nSession ID: f1fd2f079b139e0134d466557b486f7c\n\tat org.openqa.selenium.remote.RemoteWebDriver.execute(RemoteWebDriver.java:593)\n\tat org.openqa.selenium.remote.ElementLocation$ElementFinder$2.findElement(ElementLocation.java:162)\n\tat org.openqa.selenium.remote.ElementLocation.findElement(ElementLocation.java:60)\n\tat org.openqa.selenium.remote.RemoteWebDriver.findElement(RemoteWebDriver.java:387)\n\tat org.openqa.selenium.remote.RemoteWebDriver.findElement(RemoteWebDriver.java:379)\n\tat org.openqa.selenium.support.pagefactory.DefaultElementLocator.findElement(DefaultElementLocator.java:70)\n\tat org.openqa.selenium.support.pagefactory.internal.LocatingElementHandler.invoke(LocatingElementHandler.java:39)\n\tat jdk.proxy2/jdk.proxy2.$Proxy15.toString(Unknown Source)\n\tat java.base/java.lang.String.valueOf(String.java:4213)\n\tat java.base/java.lang.StringBuilder.append(StringBuilder.java:173)\n\tat org.openqa.selenium.support.ui.ExpectedConditions$23.toString(ExpectedConditions.java:673)\n\tat java.base/java.lang.String.valueOf(String.java:4213)\n\tat java.base/java.lang.StringBuilder.append(StringBuilder.java:173)\n\tat org.openqa.selenium.support.ui.FluentWait.until(FluentWait.java:229)\n\tat com.qa.turtlemint.util.TestUtil.click(TestUtil.java:71)\n\tat com.qa.turtlemint.pages.mintpro.GrowPage.quickLinks(GrowPage.java:132)\n\tat Mintpro.GrowPageTest.growPageTest(GrowPageTest.java:27)\n\tat java.base/jdk.internal.reflect.DirectMethodHandleAccessor.invoke(DirectMethodHandleAccessor.java:104)\n\tat java.base/java.lang.reflect.Method.invoke(Method.java:577)\n\tat org.testng.internal.MethodInvocationHelper.invokeMethod(MethodInvocationHelper.java:124)\n\tat org.testng.internal.Invoker.invokeMethod(Invoker.java:583)\n\tat org.testng.internal.Invoker.invokeTestMethod(Invoker.java:719)\n\tat org.testng.internal.Invoker.invokeTestMethods(Invoker.java:989)\n\tat org.testng.internal.TestMethodWorker.invokeTestMethods(TestMethodWorker.java:125)\n\tat org.testng.internal.TestMethodWorker.run(TestMethodWorker.java:109)\n\tat org.testng.TestRunner.privateRun(TestRunner.java:648)\n\tat org.testng.TestRunner.run(TestRunner.java:505)\n\tat org.testng.SuiteRunner.runTest(SuiteRunner.java:455)\n\tat org.testng.SuiteRunner.runSequentially(SuiteRunner.java:450)\n\tat org.testng.SuiteRunner.privateRun(SuiteRunner.java:415)\n\tat org.testng.SuiteRunner.run(SuiteRunner.java:364)\n\tat org.testng.SuiteRunnerWorker.runSuite(SuiteRunnerWorker.java:52)\n\tat org.testng.SuiteRunnerWorker.run(SuiteRunnerWorker.java:84)\n\tat org.testng.TestNG.runSuitesSequentially(TestNG.java:1208)\n\tat org.testng.TestNG.runSuitesLocally(TestNG.java:1137)\n\tat org.testng.TestNG.runSuites(TestNG.java:1049)\n\tat org.testng.TestNG.run(TestNG.java:1017)\n\tat com.intellij.rt.testng.IDEARemoteTestNG.run(IDEARemoteTestNG.java:66)\n\tat com.intellij.rt.testng.RemoteTestNGStarter.main(RemoteTestNGStarter.java:109)\nCaused by: java.io.UncheckedIOException: org.asynchttpclient.exception.RemotelyClosedException: Remotely closed\n\tat org.openqa.selenium.remote.http.netty.NettyHttpHandler.makeCall(NettyHttpHandler.java:73)\n\tat org.openqa.selenium.remote.http.AddSeleniumUserAgent.lambda$apply$0(AddSeleniumUserAgent.java:42)\n\tat org.openqa.selenium.remote.http.Filter.lambda$andFinally$1(Filter.java:56)\n\tat org.openqa.selenium.remote.http.netty.NettyHttpHandler.execute(NettyHttpHandler.java:49)\n\tat org.openqa.selenium.remote.http.AddSeleniumUserAgent.lambda$apply$0(AddSeleniumUserAgent.java:42)\n\tat org.openqa.selenium.remote.http.Filter.lambda$andFinally$1(Filter.java:56)\n\tat org.openqa.selenium.remote.http.netty.NettyClient.execute(NettyClient.java:98)\n\tat org.openqa.selenium.remote.HttpCommandExecutor.execute(HttpCommandExecutor.java:181)\n\tat org.openqa.selenium.remote.service.DriverCommandExecutor.invokeExecute(DriverCommandExecutor.java:167)\n\tat org.openqa.selenium.remote.service.DriverCommandExecutor.execute(DriverCommandExecutor.java:142)\n\tat org.openqa.selenium.remote.RemoteWebDriver.execute(RemoteWebDriver.java:569)\n\t... 38 more\nCaused by: org.asynchttpclient.exception.RemotelyClosedException: Remotely closed\n\tat org.asynchttpclient.exception.RemotelyClosedException.INSTANCE(Unknown Source)\n"},"stage":"finished","steps":[],"attachments":[{"name":"Screenshot 2022.10.18.15.22.39","source":"29b00324-db0f-4aaa-8330-d0d2e2946cc2-attachment"},{"name":"Screenshot 2022.10.18.15.22.44","source":"b6aa2dc3-b22a-4b74-83da-20353c6b1ca1-attachment"},{"name":"Screenshot 2022.10.18.15.22.54","source":"f4cc2342-468b-4e66-9f40-ae690d6f4cd7-attachment"},{"name":"Screenshot 2022.10.18.15.23.05","source":"b27892d4-ebb8-42e4-b661-3b0f7765a586-attachment"},{"name":"Screenshot 2022.10.18.15.23.13","source":"98c00207-901b-4636-80e3-7f9f54e703cc-attachment"}],"parameters":[],"start":1666086746608,"stop":1666086813938}